<?xml version="1.0" encoding="UTF-8"?>
<!-- Generated by org.testng.reporters.JUnitReportReporter -->
<testsuite skipped="0" hostname="LP-Manish8Kumar" name="Regression.CeloTest" tests="1" failures="0" timestamp="07 May 2020 15:04:00 GMT" time="126.677" errors="0">
  <testcase name="testRun" time="126.677" classname="Regression.CeloTest"/>
</testsuite> <!-- Regression.CeloTest -->
